<?xml version="1.0" encoding="UTF-8"?>
<testng-results ignored="0" total="1" passed="1" failed="0" skipped="0">
  <reporter-output>
  </reporter-output>
  <suite started-at="2023-09-17T16:06:16 AEST" name="Suite" finished-at="2023-09-17T16:06:25 AEST" duration-ms="9209">
    <groups>
    </groups>
    <test started-at="2023-09-17T16:06:16 AEST" name="Test" finished-at="2023-09-17T16:06:25 AEST" duration-ms="9209">
      <class name="TestNG.TestngClass1">
        <test-method is-config="true" signature="openbwsr()[pri:0, instance:TestNG.TestngClass1@5a45133e]" started-at="2023-09-17T16:06:16 AEST" name="openbwsr" finished-at="2023-09-17T16:06:20 AEST" duration-ms="4074" status="PASS">
          <reporter-output>
          </reporter-output>
        </test-method> <!-- openbwsr -->
        <test-method signature="TestCase1()[pri:0, instance:TestNG.TestngClass1@5a45133e]" started-at="2023-09-17T16:06:20 AEST" name="TestCase1" finished-at="2023-09-17T16:06:25 AEST" duration-ms="4971" status="PASS">
          <reporter-output>
          </reporter-output>
        </test-method> <!-- TestCase1 -->
        <test-method is-config="true" signature="Closebwsr()[pri:0, instance:TestNG.TestngClass1@5a45133e]" started-at="2023-09-17T16:06:25 AEST" name="Closebwsr" finished-at="2023-09-17T16:06:25 AEST" duration-ms="127" status="PASS">
          <reporter-output>
          </reporter-output>
        </test-method> <!-- Closebwsr -->
      </class> <!-- TestNG.TestngClass1 -->
    </test> <!-- Test -->
  </suite> <!-- Suite -->
</testng-results>
